0 0 chr2RHet
0 2000000 chr2RHet
0 0 chr3RHet
0 2000000 chr3RHet
0 0 chr2LHet
0 0 chr4
0 0 chrYHet
0 0 chr3L
0 2000000 chr3L
0 4000000 chr3L
0 6000000 chr3L
0 8000000 chr3L
0 10000000 chr3L
0 12000000 chr3L
0 14000000 chr3L
0 16000000 chr3L
0 18000000 chr3L
0 20000000 chr3L
0 22000000 chr3L
0 24000000 chr3L
0 0 chr2L
0 2000000 chr2L
0 4000000 chr2L
0 6000000 chr2L
0 8000000 chr2L
0 10000000 chr2L
0 12000000 chr2L
0 14000000 chr2L
0 16000000 chr2L
0 18000000 chr2L
0 20000000 chr2L
0 22000000 chr2L
0 0 chrU
0 2000000 chrU
0 4000000 chrU
0 6000000 chrU
0 8000000 chrU
0 10000000 chrU
0 0 chrX
0 2000000 chrX
0 4000000 chrX
0 6000000 chrX
0 8000000 chrX
0 10000000 chrX
0 12000000 chrX
0 14000000 chrX
0 16000000 chrX
0 18000000 chrX
0 20000000 chrX
0 22000000 chrX
0 0 chrXHet
0 0 chr2R
0 2000000 chr2R
0 4000000 chr2R
0 6000000 chr2R
0 8000000 chr2R
0 10000000 chr2R
0 12000000 chr2R
0 14000000 chr2R
0 16000000 chr2R
0 18000000 chr2R
0 20000000 chr2R
0 0 chr3R
0 2000000 chr3R
0 4000000 chr3R
0 6000000 chr3R
0 8000000 chr3R
0 10000000 chr3R
0 12000000 chr3R
0 14000000 chr3R
0 16000000 chr3R
0 18000000 chr3R
0 20000000 chr3R
0 22000000 chr3R
0 24000000 chr3R
0 26000000 chr3R
0 0 chrUextra
0 2000000 chrUextra
0 4000000 chrUextra
0 6000000 chrUextra
0 8000000 chrUextra
0 10000000 chrUextra
0 12000000 chrUextra
0 14000000 chrUextra
0 16000000 chrUextra
0 18000000 chrUextra
0 20000000 chrUextra
0 22000000 chrUextra
0 24000000 chrUextra
0 26000000 chrUextra
0 28000000 chrUextra
0 0 chrM
0 0 chr3LHet
0 2000000 chr3LHet
[]
